app/build/intermediates/manifest_merge_blame_file/debug/manifest-merger-blame-debug-report.txt
1<?xml version="1.0" encoding="utf-8"?>
2<manifest xmlns:android="http://schemas.android.com/apk/res/android"
3    package="br.edu.ifpr.bsi.prefeiturainterativa"
4    android:versionCode="1"
5    android:versionName="1.0" >
6
7    <uses-sdk
8        android:minSdkVersion="21"
8-->src\main\AndroidManifest.xml
9        android:targetSdkVersion="28" />
9-->src\main\AndroidManifest.xml
10
11    <!--
12         The ACCESS_COARSE/FINE_LOCATION permissions are not required to use
13         Google Maps Android API v2, but you must specify either coarse or fine
14         location permissions for the 'MyLocation' functionality.
15    -->
16    <uses-permission android:name="android.permission.ACCESS_FINE_LOCATION" />
16-->src\main\AndroidManifest.xml:11:5-79
16-->src\main\AndroidManifest.xml:11:22-76
17    <uses-permission android:name="android.permission.WRITE_EXTERNAL_STORAGE" />
17-->src\main\AndroidManifest.xml:12:5-81
17-->src\main\AndroidManifest.xml:12:22-78
18    <uses-permission android:name="com.google.android.providers.gsf.permission.READ_GSERVICES" />
18-->src\main\AndroidManifest.xml:13:5-98
18-->src\main\AndroidManifest.xml:13:22-95
19    <uses-permission android:name="android.permission.INTERNET" />
19-->src\main\AndroidManifest.xml:14:5-67
19-->src\main\AndroidManifest.xml:14:22-64
20    <uses-permission android:name="android.permission.ACCESS_COARSE_LOCATION" />
20-->src\main\AndroidManifest.xml:15:5-81
20-->src\main\AndroidManifest.xml:15:22-78
21    <uses-permission android:name="android.permission.ACCESS_NETWORK_STATE" />
21-->[com.google.firebase:firebase-inappmessaging-display:19.0.5] AndroidManifest.xml:11:5-79
21-->[com.google.firebase:firebase-inappmessaging-display:19.0.5] AndroidManifest.xml:11:22-76
22
23    <uses-feature
23-->[com.google.android.gms:play-services-maps:17.0.0] AndroidManifest.xml:26:5-28:35
24        android:glEsVersion="0x00020000"
24-->[com.google.android.gms:play-services-maps:17.0.0] AndroidManifest.xml:27:9-41
25        android:required="true" />
25-->[com.google.android.gms:play-services-maps:17.0.0] AndroidManifest.xml:28:9-32
26
27    <uses-permission android:name="android.permission.WAKE_LOCK" /> <!-- Required by older versions of Google Play services to create IID tokens -->
27-->[com.google.android.gms:play-services-measurement-api:17.3.0] AndroidManifest.xml:24:5-68
27-->[com.google.android.gms:play-services-measurement-api:17.3.0] AndroidManifest.xml:24:22-65
28    <uses-permission android:name="com.google.android.c2dm.permission.RECEIVE" />
28-->[com.google.firebase:firebase-iid:20.1.5] AndroidManifest.xml:26:5-82
28-->[com.google.firebase:firebase-iid:20.1.5] AndroidManifest.xml:26:22-79
29    <uses-permission android:name="com.google.android.finsky.permission.BIND_GET_INSTALL_REFERRER_SERVICE" />
29-->[com.google.android.gms:play-services-measurement:17.3.0] AndroidManifest.xml:26:5-110
29-->[com.google.android.gms:play-services-measurement:17.3.0] AndroidManifest.xml:26:22-107
30
31    <application
31-->src\main\AndroidManifest.xml:17:5-59:19
32        android:allowBackup="true"
32-->src\main\AndroidManifest.xml:18:9-35
33        android:appComponentFactory="androidx.core.app.CoreComponentFactory"
33-->[androidx.core:core:1.1.0] AndroidManifest.xml:24:18-86
34        android:debuggable="true"
35        android:fullBackupContent="true"
35-->src\main\AndroidManifest.xml:19:9-41
36        android:icon="@mipmap/ic_launcher"
36-->src\main\AndroidManifest.xml:20:9-43
37        android:label="@string/app_name"
37-->src\main\AndroidManifest.xml:21:9-41
38        android:roundIcon="@mipmap/ic_launcher_round"
38-->src\main\AndroidManifest.xml:22:9-54
39        android:supportsRtl="true"
39-->src\main\AndroidManifest.xml:23:9-35
40        android:theme="@style/AppTheme" >
40-->src\main\AndroidManifest.xml:24:9-40
41
42        <!--
43             The API key for Google Maps-based APIs is defined as a string resource.
44             (See the file "res/values/google_maps_api.xml").
45             Note that the API key is linked to the encryption key used to sign the APK.
46             You need a different API key for each encryption key, including the release key that is used to
47             sign the APK for publishing.
48             You can define the keys for the debug and release targets in src/debug/ and src/release/.
49        -->
50        <meta-data
50-->src\main\AndroidManifest.xml:35:9-37:55
51            android:name="com.google.android.geo.API_KEY"
51-->src\main\AndroidManifest.xml:36:13-58
52            android:value="@string/google_maps_key" />
52-->src\main\AndroidManifest.xml:37:13-52
53
54        <activity android:name="br.edu.ifpr.bsi.prefeiturainterativa.controller.AdmAtendimentoListarActivity" />
54-->src\main\AndroidManifest.xml:39:9-77
54-->src\main\AndroidManifest.xml:39:19-74
55        <activity android:name="br.edu.ifpr.bsi.prefeiturainterativa.controller.BaseActivity" />
55-->src\main\AndroidManifest.xml:40:9-61
55-->src\main\AndroidManifest.xml:40:19-58
56        <activity android:name="br.edu.ifpr.bsi.prefeiturainterativa.controller.AdmAtendimentoActivity" />
56-->src\main\AndroidManifest.xml:41:9-71
56-->src\main\AndroidManifest.xml:41:19-68
57        <activity android:name="br.edu.ifpr.bsi.prefeiturainterativa.controller.SolicitacaoVisualizarActivity" />
57-->src\main\AndroidManifest.xml:42:9-78
57-->src\main\AndroidManifest.xml:42:19-75
58        <activity android:name="br.edu.ifpr.bsi.prefeiturainterativa.controller.SolicitacaoListarActivity" />
58-->src\main\AndroidManifest.xml:43:9-74
58-->src\main\AndroidManifest.xml:43:19-71
59        <activity android:name="br.edu.ifpr.bsi.prefeiturainterativa.controller.SolicitacaoCadastroActivity" />
59-->src\main\AndroidManifest.xml:44:9-76
59-->src\main\AndroidManifest.xml:44:19-73
60        <activity android:name="br.edu.ifpr.bsi.prefeiturainterativa.controller.UsuarioCadastroActivity" />
60-->src\main\AndroidManifest.xml:45:9-72
60-->src\main\AndroidManifest.xml:45:19-69
61        <activity android:name="br.edu.ifpr.bsi.prefeiturainterativa.controller.UsuarioLoginActivity" />
61-->src\main\AndroidManifest.xml:46:9-69
61-->src\main\AndroidManifest.xml:46:19-66
62        <activity android:name="br.edu.ifpr.bsi.prefeiturainterativa.controller.ActivityMain" />
62-->src\main\AndroidManifest.xml:47:9-61
62-->src\main\AndroidManifest.xml:47:19-58
63        <activity android:name="br.edu.ifpr.bsi.prefeiturainterativa.controller.ActivitySplash" >
63-->src\main\AndroidManifest.xml:48:9-54:20
63-->src\main\AndroidManifest.xml:48:19-60
64            <intent-filter>
64-->src\main\AndroidManifest.xml:49:13-53:29
65                <action android:name="android.intent.action.MAIN" />
65-->src\main\AndroidManifest.xml:50:17-69
65-->src\main\AndroidManifest.xml:50:25-66
66
67                <category android:name="android.intent.category.LAUNCHER" />
67-->src\main\AndroidManifest.xml:52:17-77
67-->src\main\AndroidManifest.xml:52:27-74
68            </intent-filter>
69        </activity>
70
71        <uses-library
71-->src\main\AndroidManifest.xml:56:9-58:40
72            android:name="org.apache.http.legacy"
72-->src\main\AndroidManifest.xml:57:13-50
73            android:required="false" />
73-->src\main\AndroidManifest.xml:58:13-37
74
75        <service
75-->[com.google.firebase:firebase-inappmessaging-display:19.0.5] AndroidManifest.xml:15:9-21:19
76            android:name="com.google.firebase.components.ComponentDiscoveryService"
76-->[com.google.firebase:firebase-inappmessaging-display:19.0.5] AndroidManifest.xml:16:13-84
77            android:directBootAware="true"
77-->[com.google.firebase:firebase-common:19.3.0] AndroidManifest.xml:34:13-43
78            android:exported="false" >
78-->[com.google.firebase:firebase-inappmessaging-display:19.0.5] AndroidManifest.xml:17:13-37
79            <meta-data
79-->[com.google.firebase:firebase-inappmessaging-display:19.0.5] AndroidManifest.xml:18:13-20:85
80                android:name="com.google.firebase.components:com.google.firebase.inappmessaging.display.FirebaseInAppMessagingDisplayRegistrar"
80-->[com.google.firebase:firebase-inappmessaging-display:19.0.5] AndroidManifest.xml:19:17-144
81                android:value="com.google.firebase.components.ComponentRegistrar" />
81-->[com.google.firebase:firebase-inappmessaging-display:19.0.5] AndroidManifest.xml:20:17-82
82            <meta-data
82-->[com.google.firebase:firebase-auth:19.3.0] AndroidManifest.xml:36:13-38:85
83                android:name="com.google.firebase.components:com.google.firebase.auth.FirebaseAuthRegistrar"
83-->[com.google.firebase:firebase-auth:19.3.0] AndroidManifest.xml:37:17-109
84                android:value="com.google.firebase.components.ComponentRegistrar" />
84-->[com.google.firebase:firebase-auth:19.3.0] AndroidManifest.xml:38:17-82
85            <meta-data
85-->[com.google.firebase:firebase-messaging:20.1.5] AndroidManifest.xml:38:13-40:85
86                android:name="com.google.firebase.components:com.google.firebase.messaging.FirebaseMessagingRegistrar"
86-->[com.google.firebase:firebase-messaging:20.1.5] AndroidManifest.xml:39:17-119
87                android:value="com.google.firebase.components.ComponentRegistrar" />
87-->[com.google.firebase:firebase-messaging:20.1.5] AndroidManifest.xml:40:17-82
88            <meta-data
88-->[com.google.firebase:firebase-firestore:21.4.2] AndroidManifest.xml:20:13-22:85
89                android:name="com.google.firebase.components:com.google.firebase.firestore.FirestoreRegistrar"
89-->[com.google.firebase:firebase-firestore:21.4.2] AndroidManifest.xml:21:17-111
90                android:value="com.google.firebase.components.ComponentRegistrar" />
90-->[com.google.firebase:firebase-firestore:21.4.2] AndroidManifest.xml:22:17-82
91            <meta-data
91-->[com.google.firebase:firebase-storage:19.1.1] AndroidManifest.xml:33:13-35:85
92                android:name="com.google.firebase.components:com.google.firebase.storage.StorageRegistrar"
92-->[com.google.firebase:firebase-storage:19.1.1] AndroidManifest.xml:34:17-107
93                android:value="com.google.firebase.components.ComponentRegistrar" />
93-->[com.google.firebase:firebase-storage:19.1.1] AndroidManifest.xml:35:17-82
94            <meta-data
94-->[com.google.firebase:firebase-inappmessaging:19.0.5] AndroidManifest.xml:17:13-19:85
95                android:name="com.google.firebase.components:com.google.firebase.inappmessaging.FirebaseInAppMessagingRegistrar"
95-->[com.google.firebase:firebase-inappmessaging:19.0.5] AndroidManifest.xml:18:17-129
96                android:value="com.google.firebase.components.ComponentRegistrar" />
96-->[com.google.firebase:firebase-inappmessaging:19.0.5] AndroidManifest.xml:19:17-82
97            <meta-data
97-->[com.google.android.gms:play-services-measurement-api:17.3.0] AndroidManifest.xml:30:13-32:85
98                android:name="com.google.firebase.components:com.google.firebase.analytics.connector.internal.AnalyticsConnectorRegistrar"
98-->[com.google.android.gms:play-services-measurement-api:17.3.0] AndroidManifest.xml:31:17-139
99                android:value="com.google.firebase.components.ComponentRegistrar" />
99-->[com.google.android.gms:play-services-measurement-api:17.3.0] AndroidManifest.xml:32:17-82
100            <meta-data
100-->[com.google.firebase:firebase-iid:20.1.5] AndroidManifest.xml:32:13-34:85
101                android:name="com.google.firebase.components:com.google.firebase.iid.Registrar"
101-->[com.google.firebase:firebase-iid:20.1.5] AndroidManifest.xml:33:17-96
102                android:value="com.google.firebase.components.ComponentRegistrar" />
102-->[com.google.firebase:firebase-iid:20.1.5] AndroidManifest.xml:34:17-82
103            <meta-data
103-->[com.google.firebase:firebase-datatransport:17.0.3] AndroidManifest.xml:28:13-30:85
104                android:name="com.google.firebase.components:com.google.firebase.datatransport.TransportRegistrar"
104-->[com.google.firebase:firebase-datatransport:17.0.3] AndroidManifest.xml:29:17-115
105                android:value="com.google.firebase.components.ComponentRegistrar" />
105-->[com.google.firebase:firebase-datatransport:17.0.3] AndroidManifest.xml:30:17-82
106            <meta-data
106-->[com.google.firebase:firebase-installations:16.2.1] AndroidManifest.xml:17:13-19:85
107                android:name="com.google.firebase.components:com.google.firebase.installations.FirebaseInstallationsRegistrar"
107-->[com.google.firebase:firebase-installations:16.2.1] AndroidManifest.xml:18:17-127
108                android:value="com.google.firebase.components.ComponentRegistrar" />
108-->[com.google.firebase:firebase-installations:16.2.1] AndroidManifest.xml:19:17-82
109            <meta-data
109-->[com.google.firebase:firebase-abt:19.0.1] AndroidManifest.xml:13:13-15:85
110                android:name="com.google.firebase.components:com.google.firebase.abt.component.AbtRegistrar"
110-->[com.google.firebase:firebase-abt:19.0.1] AndroidManifest.xml:14:17-109
111                android:value="com.google.firebase.components.ComponentRegistrar" />
111-->[com.google.firebase:firebase-abt:19.0.1] AndroidManifest.xml:15:17-82
112        </service>
113
114        <activity
114-->[com.google.firebase:firebase-auth:19.3.0] AndroidManifest.xml:24:9-31:50
115            android:name="com.google.firebase.auth.internal.FederatedSignInActivity"
115-->[com.google.firebase:firebase-auth:19.3.0] AndroidManifest.xml:25:13-85
116            android:excludeFromRecents="true"
116-->[com.google.firebase:firebase-auth:19.3.0] AndroidManifest.xml:26:13-46
117            android:exported="true"
117-->[com.google.firebase:firebase-auth:19.3.0] AndroidManifest.xml:27:13-36
118            android:launchMode="singleTask"
118-->[com.google.firebase:firebase-auth:19.3.0] AndroidManifest.xml:28:13-44
119            android:permission="com.google.firebase.auth.api.gms.permission.LAUNCH_FEDERATED_SIGN_IN"
119-->[com.google.firebase:firebase-auth:19.3.0] AndroidManifest.xml:29:13-102
120            android:theme="@android:style/Theme.Translucent.NoTitleBar" />
120-->[com.google.firebase:firebase-auth:19.3.0] AndroidManifest.xml:30:13-72
121        <!--
122             FirebaseMessagingService performs security checks at runtime,
123             but set to not exported to explicitly avoid allowing another app to call it.
124        -->
125        <service
125-->[com.google.firebase:firebase-messaging:20.1.5] AndroidManifest.xml:28:9-34:19
126            android:name="com.google.firebase.messaging.FirebaseMessagingService"
126-->[com.google.firebase:firebase-messaging:20.1.5] AndroidManifest.xml:29:13-82
127            android:exported="false" >
127-->[com.google.firebase:firebase-messaging:20.1.5] AndroidManifest.xml:30:13-37
128            <intent-filter android:priority="-500" >
128-->[com.google.firebase:firebase-messaging:20.1.5] AndroidManifest.xml:31:13-33:29
128-->[com.google.firebase:firebase-messaging:20.1.5] AndroidManifest.xml:31:28-51
129                <action android:name="com.google.firebase.MESSAGING_EVENT" />
129-->[com.google.firebase:firebase-messaging:20.1.5] AndroidManifest.xml:32:17-78
129-->[com.google.firebase:firebase-messaging:20.1.5] AndroidManifest.xml:32:25-75
130            </intent-filter>
131        </service>
132
133        <activity
133-->[com.google.android.gms:play-services-auth:18.0.0] AndroidManifest.xml:23:9-27:75
134            android:name="com.google.android.gms.auth.api.signin.internal.SignInHubActivity"
134-->[com.google.android.gms:play-services-auth:18.0.0] AndroidManifest.xml:24:13-93
135            android:excludeFromRecents="true"
135-->[com.google.android.gms:play-services-auth:18.0.0] AndroidManifest.xml:25:13-46
136            android:exported="false"
136-->[com.google.android.gms:play-services-auth:18.0.0] AndroidManifest.xml:26:13-37
137            android:theme="@android:style/Theme.Translucent.NoTitleBar" />
137-->[com.google.android.gms:play-services-auth:18.0.0] AndroidManifest.xml:27:13-72
138        <!--
139            Service handling Google Sign-In user revocation. For apps that do not integrate with
140            Google Sign-In, this service will never be started.
141        -->
142        <service
142-->[com.google.android.gms:play-services-auth:18.0.0] AndroidManifest.xml:33:9-36:110
143            android:name="com.google.android.gms.auth.api.signin.RevocationBoundService"
143-->[com.google.android.gms:play-services-auth:18.0.0] AndroidManifest.xml:34:13-89
144            android:exported="true"
144-->[com.google.android.gms:play-services-auth:18.0.0] AndroidManifest.xml:35:13-36
145            android:permission="com.google.android.gms.auth.api.signin.permission.REVOCATION_NOTIFICATION" />
145-->[com.google.android.gms:play-services-auth:18.0.0] AndroidManifest.xml:36:13-107
146
147        <receiver
147-->[com.google.firebase:firebase-iid:20.1.5] AndroidManifest.xml:37:9-44:20
148            android:name="com.google.firebase.iid.FirebaseInstanceIdReceiver"
148-->[com.google.firebase:firebase-iid:20.1.5] AndroidManifest.xml:38:13-78
149            android:exported="true"
149-->[com.google.firebase:firebase-iid:20.1.5] AndroidManifest.xml:39:13-36
150            android:permission="com.google.android.c2dm.permission.SEND" >
150-->[com.google.firebase:firebase-iid:20.1.5] AndroidManifest.xml:40:13-73
151            <intent-filter>
151-->[com.google.firebase:firebase-iid:20.1.5] AndroidManifest.xml:41:13-43:29
152                <action android:name="com.google.android.c2dm.intent.RECEIVE" />
152-->[com.google.firebase:firebase-iid:20.1.5] AndroidManifest.xml:42:17-81
152-->[com.google.firebase:firebase-iid:20.1.5] AndroidManifest.xml:42:25-78
153            </intent-filter>
154        </receiver>
155
156        <activity
156-->[com.google.android.gms:play-services-base:17.1.0] AndroidManifest.xml:23:9-26:75
157            android:name="com.google.android.gms.common.api.GoogleApiActivity"
157-->[com.google.android.gms:play-services-base:17.1.0] AndroidManifest.xml:24:13-79
158            android:exported="false"
158-->[com.google.android.gms:play-services-base:17.1.0] AndroidManifest.xml:25:13-37
159            android:theme="@android:style/Theme.Translucent.NoTitleBar" />
159-->[com.google.android.gms:play-services-base:17.1.0] AndroidManifest.xml:26:13-72
160
161        <provider
161-->[com.google.firebase:firebase-common:19.3.0] AndroidManifest.xml:26:9-30:39
162            android:name="com.google.firebase.provider.FirebaseInitProvider"
162-->[com.google.firebase:firebase-common:19.3.0] AndroidManifest.xml:27:13-77
163            android:authorities="br.edu.ifpr.bsi.prefeiturainterativa.firebaseinitprovider"
163-->[com.google.firebase:firebase-common:19.3.0] AndroidManifest.xml:28:13-72
164            android:exported="false"
164-->[com.google.firebase:firebase-common:19.3.0] AndroidManifest.xml:29:13-37
165            android:initOrder="100" />
165-->[com.google.firebase:firebase-common:19.3.0] AndroidManifest.xml:30:13-36
166
167        <receiver
167-->[com.google.android.gms:play-services-measurement:17.3.0] AndroidManifest.xml:29:9-33:20
168            android:name="com.google.android.gms.measurement.AppMeasurementReceiver"
168-->[com.google.android.gms:play-services-measurement:17.3.0] AndroidManifest.xml:30:13-85
169            android:enabled="true"
169-->[com.google.android.gms:play-services-measurement:17.3.0] AndroidManifest.xml:31:13-35
170            android:exported="false" >
170-->[com.google.android.gms:play-services-measurement:17.3.0] AndroidManifest.xml:32:13-37
171        </receiver>
172        <receiver
172-->[com.google.android.gms:play-services-measurement:17.3.0] AndroidManifest.xml:34:9-42:20
173            android:name="com.google.android.gms.measurement.AppMeasurementInstallReferrerReceiver"
173-->[com.google.android.gms:play-services-measurement:17.3.0] AndroidManifest.xml:35:13-100
174            android:enabled="true"
174-->[com.google.android.gms:play-services-measurement:17.3.0] AndroidManifest.xml:36:13-35
175            android:exported="true"
175-->[com.google.android.gms:play-services-measurement:17.3.0] AndroidManifest.xml:37:13-36
176            android:permission="android.permission.INSTALL_PACKAGES" >
176-->[com.google.android.gms:play-services-measurement:17.3.0] AndroidManifest.xml:38:13-69
177            <intent-filter>
177-->[com.google.android.gms:play-services-measurement:17.3.0] AndroidManifest.xml:39:13-41:29
178                <action android:name="com.android.vending.INSTALL_REFERRER" />
178-->[com.google.android.gms:play-services-measurement:17.3.0] AndroidManifest.xml:40:17-79
178-->[com.google.android.gms:play-services-measurement:17.3.0] AndroidManifest.xml:40:25-76
179            </intent-filter>
180        </receiver>
181
182        <service
182-->[com.google.android.gms:play-services-measurement:17.3.0] AndroidManifest.xml:44:9-47:40
183            android:name="com.google.android.gms.measurement.AppMeasurementService"
183-->[com.google.android.gms:play-services-measurement:17.3.0] AndroidManifest.xml:45:13-84
184            android:enabled="true"
184-->[com.google.android.gms:play-services-measurement:17.3.0] AndroidManifest.xml:46:13-35
185            android:exported="false" />
185-->[com.google.android.gms:play-services-measurement:17.3.0] AndroidManifest.xml:47:13-37
186        <service
186-->[com.google.android.gms:play-services-measurement:17.3.0] AndroidManifest.xml:48:9-52:72
187            android:name="com.google.android.gms.measurement.AppMeasurementJobService"
187-->[com.google.android.gms:play-services-measurement:17.3.0] AndroidManifest.xml:49:13-87
188            android:enabled="true"
188-->[com.google.android.gms:play-services-measurement:17.3.0] AndroidManifest.xml:50:13-35
189            android:exported="false"
189-->[com.google.android.gms:play-services-measurement:17.3.0] AndroidManifest.xml:51:13-37
190            android:permission="android.permission.BIND_JOB_SERVICE" />
190-->[com.google.android.gms:play-services-measurement:17.3.0] AndroidManifest.xml:52:13-69
191
192        <meta-data
192-->[com.google.android.gms:play-services-basement:17.1.1] AndroidManifest.xml:23:9-25:69
193            android:name="com.google.android.gms.version"
193-->[com.google.android.gms:play-services-basement:17.1.1] AndroidManifest.xml:24:13-58
194            android:value="@integer/google_play_services_version" />
194-->[com.google.android.gms:play-services-basement:17.1.1] AndroidManifest.xml:25:13-66
195
196        <service
196-->[com.google.android.datatransport:transport-backend-cct:2.2.0] AndroidManifest.xml:29:9-35:19
197            android:name="com.google.android.datatransport.runtime.backends.TransportBackendDiscovery"
197-->[com.google.android.datatransport:transport-backend-cct:2.2.0] AndroidManifest.xml:30:13-103
198            android:exported="false" >
198-->[com.google.android.datatransport:transport-backend-cct:2.2.0] AndroidManifest.xml:31:13-37
199            <meta-data
199-->[com.google.android.datatransport:transport-backend-cct:2.2.0] AndroidManifest.xml:32:13-34:39
200                android:name="backend:com.google.android.datatransport.cct.CctBackendFactory"
200-->[com.google.android.datatransport:transport-backend-cct:2.2.0] AndroidManifest.xml:33:17-94
201                android:value="cct" />
201-->[com.google.android.datatransport:transport-backend-cct:2.2.0] AndroidManifest.xml:34:17-36
202        </service>
203        <service
203-->[com.google.android.datatransport:transport-runtime:2.2.0] AndroidManifest.xml:26:9-30:19
204            android:name="com.google.android.datatransport.runtime.scheduling.jobscheduling.JobInfoSchedulerService"
204-->[com.google.android.datatransport:transport-runtime:2.2.0] AndroidManifest.xml:27:13-117
205            android:exported="false"
205-->[com.google.android.datatransport:transport-runtime:2.2.0] AndroidManifest.xml:28:13-37
206            android:permission="android.permission.BIND_JOB_SERVICE" >
206-->[com.google.android.datatransport:transport-runtime:2.2.0] AndroidManifest.xml:29:13-69
207        </service>
208
209        <receiver
209-->[com.google.android.datatransport:transport-runtime:2.2.0] AndroidManifest.xml:32:9-34:40
210            android:name="com.google.android.datatransport.runtime.scheduling.jobscheduling.AlarmManagerSchedulerBroadcastReceiver"
210-->[com.google.android.datatransport:transport-runtime:2.2.0] AndroidManifest.xml:33:13-132
211            android:exported="false" />
211-->[com.google.android.datatransport:transport-runtime:2.2.0] AndroidManifest.xml:34:13-37
212
213        <provider
213-->[com.squareup.picasso:picasso:2.71828] AndroidManifest.xml:8:9-11:40
214            android:name="com.squareup.picasso.PicassoProvider"
214-->[com.squareup.picasso:picasso:2.71828] AndroidManifest.xml:9:13-64
215            android:authorities="br.edu.ifpr.bsi.prefeiturainterativa.com.squareup.picasso"
215-->[com.squareup.picasso:picasso:2.71828] AndroidManifest.xml:10:13-72
216            android:exported="false" />
216-->[com.squareup.picasso:picasso:2.71828] AndroidManifest.xml:11:13-37
217    </application>
218
219</manifest>